<?xml version="1.0" encoding="UTF-8"?>
<testng-results skipped="0" failed="0" total="1" passed="1">
  <reporter-output>
  </reporter-output>
  <suite name="Default suite" duration-ms="56" started-at="2019-01-08T13:27:27Z" finished-at="2019-01-08T13:27:27Z">
    <groups>
    </groups>
    <test name="Default test" duration-ms="56" started-at="2019-01-08T13:27:27Z" finished-at="2019-01-08T13:27:27Z">
      <class name="practiceCode.TestHelloWorld">
        <test-method status="PASS" signature="testEmailGenerator()[pri:0, instance:practiceCode.TestHelloWorld@31b7dea0]" name="testEmailGenerator" duration-ms="22" started-at="2019-01-08T21:27:27Z" finished-at="2019-01-08T21:27:27Z">
          <reporter-output>
          </reporter-output>
        </test-method> <!-- testEmailGenerator -->
      </class> <!-- practiceCode.TestHelloWorld -->
    </test> <!-- Default test -->
  </suite> <!-- Default suite -->
</testng-results>
